<?xml version="1.0" encoding="UTF-8"?>
<testsuite xmlns:xsi="http://www.w3.org/2001/XMLSchema-instance" xsi:noNamespaceSchemaLocation="https://maven.apache.org/surefire/maven-surefire-plugin/xsd/surefire-test-report.xsd" name="com.adobe.aem.guides.wknd.core.listeners.SimpleResourceListenerTest" time="0" tests="1" errors="0" skipped="0" failures="0">
  <properties>
    <property name="gopherProxySet" value="false"/>
    <property name="awt.toolkit" value="sun.lwawt.macosx.LWCToolkit"/>
    <property name="file.encoding.pkg" value="sun.io"/>
    <property name="java.specification.version" value="1.8"/>
    <property name="sun.cpu.isalist" value=""/>
    <property name="sun.jnu.encoding" value="UTF-8"/>
    <property name="java.class.path" value="/Users/amargupta/.m2/repository/org/apache/maven/surefire/surefire-booter/2.22.1/surefire-booter-2.22.1.jar:/Users/amargupta/.m2/repository/org/apache/maven/surefire/surefire-api/2.22.1/surefire-api-2.22.1.jar:/Users/amargupta/.m2/repository/org/apache/maven/surefire/surefire-logger-api/2.22.1/surefire-logger-api-2.22.1.jar:/Users/amargupta/Desktop/Development/Repository/code/aem-guides-wknd/core/target/test-classes:/Users/amargupta/Desktop/Development/Repository/code/aem-guides-wknd/core/target/classes:/Users/amargupta/.m2/repository/uk/org/lidalia/slf4j-test/1.0.1/slf4j-test-1.0.1.jar:/Users/amargupta/.m2/repository/uk/org/lidalia/lidalia-lang/1.0.0/lidalia-lang-1.0.0.jar:/Users/amargupta/.m2/repository/org/apache/commons/commons-lang3/3.1/commons-lang3-3.1.jar:/Users/amargupta/.m2/repository/com/google/guava/guava/14.0.1/guava-14.0.1.jar:/Users/amargupta/.m2/repository/uk/org/lidalia/lidalia-slf4j-ext/1.0.0/lidalia-slf4j-ext-1.0.0.jar:/Users/amargupta/.m2/repository/joda-time/joda-time/2.2/joda-time-2.2.jar:/Users/amargupta/.m2/repository/com/day/cq/wcm/cq-wcm-api/5.9.4/cq-wcm-api-5.9.4.jar:/Users/amargupta/.m2/repository/org/apache/sling/org.apache.sling.api/2.18.4/org.apache.sling.api-2.18.4.jar:/Users/amargupta/.m2/repository/org/osgi/org.osgi.annotation.versioning/1.1.0/org.osgi.annotation.versioning-1.1.0.jar:/Users/amargupta/.m2/repository/org/osgi/org.osgi.annotation.bundle/1.0.0/org.osgi.annotation.bundle-1.0.0.jar:/Users/amargupta/.m2/repository/org/osgi/org.osgi.service.metatype.annotations/1.4.0/org.osgi.service.metatype.annotations-1.4.0.jar:/Users/amargupta/.m2/repository/org/osgi/org.osgi.service.component.annotations/1.4.0/org.osgi.service.component.annotations-1.4.0.jar:/Users/amargupta/.m2/repository/org/osgi/org.osgi.service.component/1.4.0/org.osgi.service.component-1.4.0.jar:/Users/amargupta/.m2/repository/org/osgi/org.osgi.service.cm/1.6.0/org.osgi.service.cm-1.6.0.jar:/Users/amargupta/.m2/repository/org/osgi/org.osgi.service.event/1.3.1/org.osgi.service.event-1.3.1.jar:/Users/amargupta/.m2/repository/org/osgi/org.osgi.service.log/1.4.0/org.osgi.service.log-1.4.0.jar:/Users/amargupta/.m2/repository/org/osgi/org.osgi.framework/1.9.0/org.osgi.framework-1.9.0.jar:/Users/amargupta/.m2/repository/org/osgi/org.osgi.resource/1.0.0/org.osgi.resource-1.0.0.jar:/Users/amargupta/.m2/repository/org/osgi/org.osgi.util.tracker/1.5.1/org.osgi.util.tracker-1.5.1.jar:/Users/amargupta/.m2/repository/org/slf4j/slf4j-api/1.7.21/slf4j-api-1.7.21.jar:/Users/amargupta/.m2/repository/javax/jcr/jcr/2.0/jcr-2.0.jar:/Users/amargupta/.m2/repository/javax/servlet/javax.servlet-api/3.1.0/javax.servlet-api-3.1.0.jar:/Users/amargupta/.m2/repository/javax/annotation/javax.annotation-api/1.3.2/javax.annotation-api-1.3.2.jar:/Users/amargupta/.m2/repository/org/apache/sling/org.apache.sling.servlets.annotations/1.2.4/org.apache.sling.servlets.annotations-1.2.4.jar:/Users/amargupta/.m2/repository/com/adobe/aem/uber-jar/6.5.10/uber-jar-6.5.10.jar:/Users/amargupta/.m2/repository/com/adobe/cq/core.wcm.components.core/2.17.12/core.wcm.components.core-2.17.12.jar:/Users/amargupta/.m2/repository/org/apache/sling/org.apache.sling.models.api/1.3.6/org.apache.sling.models.api-1.3.6.jar:/Users/amargupta/.m2/repository/org/junit/jupiter/junit-jupiter/5.8.2/junit-jupiter-5.8.2.jar:/Users/amargupta/.m2/repository/org/junit/jupiter/junit-jupiter-api/5.8.2/junit-jupiter-api-5.8.2.jar:/Users/amargupta/.m2/repository/org/opentest4j/opentest4j/1.2.0/opentest4j-1.2.0.jar:/Users/amargupta/.m2/repository/org/junit/platform/junit-platform-commons/1.8.2/junit-platform-commons-1.8.2.jar:/Users/amargupta/.m2/repository/org/apiguardian/apiguardian-api/1.1.2/apiguardian-api-1.1.2.jar:/Users/amargupta/.m2/repository/org/junit/jupiter/junit-jupiter-params/5.8.2/junit-jupiter-params-5.8.2.jar:/Users/amargupta/.m2/repository/org/junit/jupiter/junit-jupiter-engine/5.8.2/junit-jupiter-engine-5.8.2.jar:/Users/amargupta/.m2/repository/org/junit/platform/junit-platform-engine/1.8.2/junit-platform-engine-1.8.2.jar:/Users/amargupta/.m2/repository/org/mockito/mockito-core/4.1.0/mockito-core-4.1.0.jar:/Users/amargupta/.m2/repository/net/bytebuddy/byte-buddy/1.12.1/byte-buddy-1.12.1.jar:/Users/amargupta/.m2/repository/net/bytebuddy/byte-buddy-agent/1.12.1/byte-buddy-agent-1.12.1.jar:/Users/amargupta/.m2/repository/org/objenesis/objenesis/3.2/objenesis-3.2.jar:/Users/amargupta/.m2/repository/org/mockito/mockito-junit-jupiter/4.1.0/mockito-junit-jupiter-4.1.0.jar:/Users/amargupta/.m2/repository/junit-addons/junit-addons/1.4/junit-addons-1.4.jar:/Users/amargupta/.m2/repository/junit/junit/3.8.1/junit-3.8.1.jar:/Users/amargupta/.m2/repository/xerces/xercesImpl/2.6.2/xercesImpl-2.6.2.jar:/Users/amargupta/.m2/repository/xerces/xmlParserAPIs/2.6.2/xmlParserAPIs-2.6.2.jar:/Users/amargupta/.m2/repository/io/wcm/io.wcm.testing.aem-mock.junit5/4.1.8/io.wcm.testing.aem-mock.junit5-4.1.8.jar:/Users/amargupta/.m2/repository/io/wcm/io.wcm.testing.aem-mock.core/4.1.8/io.wcm.testing.aem-mock.core-4.1.8.jar:/Users/amargupta/.m2/repository/org/apache/jackrabbit/jackrabbit-jcr-commons/2.16.0/jackrabbit-jcr-commons-2.16.0.jar:/Users/amargupta/.m2/repository/org/apache/sling/org.apache.sling.commons.osgi/2.4.0/org.apache.sling.commons.osgi-2.4.0.jar:/Users/amargupta/.m2/repository/org/apache/sling/org.apache.sling.resourceresolver/1.5.34/org.apache.sling.resourceresolver-1.5.34.jar:/Users/amargupta/.m2/repository/org/apache/sling/org.apache.sling.serviceusermapper/1.3.6/org.apache.sling.serviceusermapper-1.3.6.jar:/Users/amargupta/.m2/repository/org/apache/sling/org.apache.sling.jcr.api/2.4.0/org.apache.sling.jcr.api-2.4.0.jar:/Users/amargupta/.m2/repository/org/apache/sling/org.apache.sling.jcr.resource/3.0.8/org.apache.sling.jcr.resource-3.0.8.jar:/Users/amargupta/.m2/repository/org/apache/sling/org.apache.sling.commons.mime/2.1.10/org.apache.sling.commons.mime-2.1.10.jar:/Users/amargupta/.m2/repository/org/apache/sling/org.apache.sling.commons.json/2.0.20/org.apache.sling.commons.json-2.0.20.jar:/Users/amargupta/.m2/repository/org/apache/sling/org.apache.sling.commons.classloader/1.4.2/org.apache.sling.commons.classloader-1.4.2.jar:/Users/amargupta/.m2/repository/org/apache/sling/org.apache.sling.settings/1.3.8/org.apache.sling.settings-1.3.8.jar:/Users/amargupta/.m2/repository/org/apache/sling/org.apache.sling.i18n/2.5.10/org.apache.sling.i18n-2.5.10.jar:/Users/amargupta/.m2/repository/org/apache/sling/org.apache.sling.testing.jcr-mock/1.5.4/org.apache.sling.testing.jcr-mock-1.5.4.jar:/Users/amargupta/.m2/repository/org/apache/jackrabbit/jackrabbit-api/2.16.0/jackrabbit-api-2.16.0.jar:/Users/amargupta/.m2/repository/org/apache/commons/commons-collections4/4.1/commons-collections4-4.1.jar:/Users/amargupta/.m2/repository/org/apache/sling/org.apache.sling.testing.osgi-mock.core/3.2.2/org.apache.sling.testing.osgi-mock.core-3.2.2.jar:/Users/amargupta/.m2/repository/commons-io/commons-io/2.5/commons-io-2.5.jar:/Users/amargupta/.m2/repository/org/reflections/reflections/0.10.2/reflections-0.10.2.jar:/Users/amargupta/.m2/repository/org/javassist/javassist/3.28.0-GA/javassist-3.28.0-GA.jar:/Users/amargupta/.m2/repository/org/apache/sling/org.apache.sling.testing.sling-mock.core/3.2.2/org.apache.sling.testing.sling-mock.core-3.2.2.jar:/Users/amargupta/.m2/repository/org/apache/sling/org.apache.sling.resourcebuilder/1.0.4/org.apache.sling.resourcebuilder-1.0.4.jar:/Users/amargupta/.m2/repository/org/apache/sling/org.apache.sling.scripting.api/2.2.0/org.apache.sling.scripting.api-2.2.0.jar:/Users/amargupta/.m2/repository/org/apache/sling/org.apache.sling.scripting.core/2.0.54/org.apache.sling.scripting.core-2.0.54.jar:/Users/amargupta/.m2/repository/org/apache/felix/org.apache.felix.utils/1.9.0/org.apache.felix.utils-1.9.0.jar:/Users/amargupta/.m2/repository/org/apache/johnzon/johnzon-core/1.1.1/johnzon-core-1.1.1.jar:/Users/amargupta/.m2/repository/org/apache/sling/org.apache.sling.adapter/2.1.10/org.apache.sling.adapter-2.1.10.jar:/Users/amargupta/.m2/repository/org/apache/sling/org.apache.sling.featureflags/1.2.2/org.apache.sling.featureflags-1.2.2.jar:/Users/amargupta/.m2/repository/org/apache/jackrabbit/oak-jcr/1.8.2/oak-jcr-1.8.2.jar:/Users/amargupta/.m2/repository/org/apache/jackrabbit/oak-api/1.8.2/oak-api-1.8.2.jar:/Users/amargupta/.m2/repository/org/apache/jackrabbit/oak-core-spi/1.8.2/oak-core-spi-1.8.2.jar:/Users/amargupta/.m2/repository/org/apache/jackrabbit/oak-store-spi/1.8.2/oak-store-spi-1.8.2.jar:/Users/amargupta/.m2/repository/org/apache/jackrabbit/oak-query-spi/1.8.2/oak-query-spi-1.8.2.jar:/Users/amargupta/.m2/repository/org/apache/jackrabbit/oak-security-spi/1.8.2/oak-security-spi-1.8.2.jar:/Users/amargupta/.m2/repository/org/apache/jackrabbit/oak-core/1.8.2/oak-core-1.8.2.jar:/Users/amargupta/.m2/repository/org/apache/jackrabbit/oak-blob-plugins/1.8.2/oak-blob-plugins-1.8.2.jar:/Users/amargupta/.m2/repository/org/apache/jackrabbit/jackrabbit-data/2.16.0/jackrabbit-data-2.16.0.jar:/Users/amargupta/.m2/repository/org/slf4j/jcl-over-slf4j/1.7.4/jcl-over-slf4j-1.7.4.jar:/Users/amargupta/.m2/repository/org/apache/jackrabbit/oak-blob/1.8.2/oak-blob-1.8.2.jar:/Users/amargupta/.m2/repository/commons-codec/commons-codec/1.5/commons-codec-1.5.jar:/Users/amargupta/.m2/repository/org/apache/jackrabbit/oak-commons/1.8.2/oak-commons-1.8.2.jar:/Users/amargupta/.m2/repository/commons-lang/commons-lang/2.6/commons-lang-2.6.jar:/Users/amargupta/.m2/repository/org/apache/sling/org.apache.sling.contentparser.api/2.0.0/org.apache.sling.contentparser.api-2.0.0.jar:/Users/amargupta/.m2/repository/org/apache/sling/org.apache.sling.contentparser.json/2.0.0/org.apache.sling.contentparser.json-2.0.0.jar:/Users/amargupta/.m2/repository/org/apache/sling/org.apache.sling.contentparser.xml-jcr/2.0.0/org.apache.sling.contentparser.xml-jcr-2.0.0.jar:/Users/amargupta/.m2/repository/org/apache/sling/org.apache.sling.fsresource/2.2.0/org.apache.sling.fsresource-2.2.0.jar:/Users/amargupta/.m2/repository/org/apache/geronimo/specs/geronimo-atinject_1.0_spec/1.0/geronimo-atinject_1.0_spec-1.0.jar:/Users/amargupta/.m2/repository/org/apache/geronimo/specs/geronimo-json_1.1_spec/1.0/geronimo-json_1.1_spec-1.0.jar:/Users/amargupta/.m2/repository/org/apache/sling/org.apache.sling.testing.resourceresolver-mock/1.2.4/org.apache.sling.testing.resourceresolver-mock-1.2.4.jar:/Users/amargupta/.m2/repository/org/apache/sling/org.apache.sling.servlet-helpers/1.4.2/org.apache.sling.servlet-helpers-1.4.2.jar:/Users/amargupta/.m2/repository/org/apache/jackrabbit/vault/org.apache.jackrabbit.vault/3.1.44/org.apache.jackrabbit.vault-3.1.44.jar:/Users/amargupta/.m2/repository/org/apache/commons/commons-imaging/1.0-alpha1/commons-imaging-1.0-alpha1.jar:/Users/amargupta/.m2/repository/javax/servlet/jsp/jsp-api/2.1/jsp-api-2.1.jar:/Users/amargupta/.m2/repository/com/day/commons/day-commons-gfx/2.1.28/day-commons-gfx-2.1.28.jar:/Users/amargupta/.m2/repository/com/day/commons/day-commons-any/2.0.0/day-commons-any-2.0.0.jar:/Users/amargupta/.m2/repository/com/day/commons/day-commons-text/1.1.3/day-commons-text-1.1.3.jar:/Users/amargupta/.m2/repository/org/apache/sling/org.apache.sling.testing.hamcrest/1.0.2/org.apache.sling.testing.hamcrest-1.0.2.jar:/Users/amargupta/.m2/repository/org/hamcrest/hamcrest-library/1.3/hamcrest-library-1.3.jar:/Users/amargupta/.m2/repository/org/hamcrest/hamcrest-core/1.3/hamcrest-core-1.3.jar:/Users/amargupta/.m2/repository/org/apache/sling/org.apache.sling.xss/2.0.0/org.apache.sling.xss-2.0.0.jar:/Users/amargupta/.m2/repository/org/apache/sling/org.apache.sling.testing.caconfig-mock-plugin/1.3.6/org.apache.sling.testing.caconfig-mock-plugin-1.3.6.jar:/Users/amargupta/.m2/repository/org/apache/sling/org.apache.sling.caconfig.api/1.1.0/org.apache.sling.caconfig.api-1.1.0.jar:/Users/amargupta/.m2/repository/org/apache/sling/org.apache.sling.caconfig.spi/1.3.0/org.apache.sling.caconfig.spi-1.3.0.jar:/Users/amargupta/.m2/repository/org/apache/sling/org.apache.sling.caconfig.impl/1.4.0/org.apache.sling.caconfig.impl-1.4.0.jar:/Users/amargupta/.m2/repository/commons-collections/commons-collections/3.2.1/commons-collections-3.2.1.jar:/Users/amargupta/.m2/repository/com/adobe/cq/core.wcm.components.testing.aem-mock-plugin/2.17.12/core.wcm.components.testing.aem-mock-plugin-2.17.12.jar:/Users/amargupta/.m2/repository/org/apache/sling/org.apache.sling.models.impl/1.4.4/org.apache.sling.models.impl-1.4.4.jar:/Users/amargupta/.m2/repository/commons-beanutils/commons-beanutils/1.8.3/commons-beanutils-1.8.3.jar:/Users/amargupta/.m2/repository/commons-logging/commons-logging/1.1.1/commons-logging-1.1.1.jar:/Users/amargupta/.m2/repository/org/apache/maven/surefire/surefire-junit-platform/2.22.1/surefire-junit-platform-2.22.1.jar:/Users/amargupta/.m2/repository/org/junit/platform/junit-platform-launcher/1.3.1/junit-platform-launcher-1.3.1.jar"/>
    <property name="java.vm.vendor" value="Oracle Corporation"/>
    <property name="sun.arch.data.model" value="64"/>
    <property name="java.vendor.url" value="http://java.oracle.com/"/>
    <property name="user.timezone" value=""/>
    <property name="java.vm.specification.version" value="1.8"/>
    <property name="os.name" value="Mac OS X"/>
    <property name="user.country" value="IN"/>
    <property name="sun.java.launcher" value="SUN_STANDARD"/>
    <property name="sun.boot.library.path" value="/Library/Java/JavaVirtualMachines/jdk1.8.0_191.jdk/Contents/Home/jre/lib"/>
    <property name="sun.java.command" value="org.apache.maven.surefire.booter.ForkedBooter /Users/amargupta/Desktop/Development/Repository/code/aem-guides-wknd/core/target/surefire 2022-04-25T13-01-42_636-jvmRun1 surefire7710704707647808053tmp surefire_05982542392405389898tmp"/>
    <property name="http.nonProxyHosts" value="local|*.local|169.254/16|*.169.254/16"/>
    <property name="surefire.test.class.path" value="/Users/amargupta/Desktop/Development/Repository/code/aem-guides-wknd/core/target/test-classes:/Users/amargupta/Desktop/Development/Repository/code/aem-guides-wknd/core/target/classes:/Users/amargupta/.m2/repository/uk/org/lidalia/slf4j-test/1.0.1/slf4j-test-1.0.1.jar:/Users/amargupta/.m2/repository/uk/org/lidalia/lidalia-lang/1.0.0/lidalia-lang-1.0.0.jar:/Users/amargupta/.m2/repository/org/apache/commons/commons-lang3/3.1/commons-lang3-3.1.jar:/Users/amargupta/.m2/repository/com/google/guava/guava/14.0.1/guava-14.0.1.jar:/Users/amargupta/.m2/repository/uk/org/lidalia/lidalia-slf4j-ext/1.0.0/lidalia-slf4j-ext-1.0.0.jar:/Users/amargupta/.m2/repository/joda-time/joda-time/2.2/joda-time-2.2.jar:/Users/amargupta/.m2/repository/com/day/cq/wcm/cq-wcm-api/5.9.4/cq-wcm-api-5.9.4.jar:/Users/amargupta/.m2/repository/org/apache/sling/org.apache.sling.api/2.18.4/org.apache.sling.api-2.18.4.jar:/Users/amargupta/.m2/repository/org/osgi/org.osgi.annotation.versioning/1.1.0/org.osgi.annotation.versioning-1.1.0.jar:/Users/amargupta/.m2/repository/org/osgi/org.osgi.annotation.bundle/1.0.0/org.osgi.annotation.bundle-1.0.0.jar:/Users/amargupta/.m2/repository/org/osgi/org.osgi.service.metatype.annotations/1.4.0/org.osgi.service.metatype.annotations-1.4.0.jar:/Users/amargupta/.m2/repository/org/osgi/org.osgi.service.component.annotations/1.4.0/org.osgi.service.component.annotations-1.4.0.jar:/Users/amargupta/.m2/repository/org/osgi/org.osgi.service.component/1.4.0/org.osgi.service.component-1.4.0.jar:/Users/amargupta/.m2/repository/org/osgi/org.osgi.service.cm/1.6.0/org.osgi.service.cm-1.6.0.jar:/Users/amargupta/.m2/repository/org/osgi/org.osgi.service.event/1.3.1/org.osgi.service.event-1.3.1.jar:/Users/amargupta/.m2/repository/org/osgi/org.osgi.service.log/1.4.0/org.osgi.service.log-1.4.0.jar:/Users/amargupta/.m2/repository/org/osgi/org.osgi.framework/1.9.0/org.osgi.framework-1.9.0.jar:/Users/amargupta/.m2/repository/org/osgi/org.osgi.resource/1.0.0/org.osgi.resource-1.0.0.jar:/Users/amargupta/.m2/repository/org/osgi/org.osgi.util.tracker/1.5.1/org.osgi.util.tracker-1.5.1.jar:/Users/amargupta/.m2/repository/org/slf4j/slf4j-api/1.7.21/slf4j-api-1.7.21.jar:/Users/amargupta/.m2/repository/javax/jcr/jcr/2.0/jcr-2.0.jar:/Users/amargupta/.m2/repository/javax/servlet/javax.servlet-api/3.1.0/javax.servlet-api-3.1.0.jar:/Users/amargupta/.m2/repository/javax/annotation/javax.annotation-api/1.3.2/javax.annotation-api-1.3.2.jar:/Users/amargupta/.m2/repository/org/apache/sling/org.apache.sling.servlets.annotations/1.2.4/org.apache.sling.servlets.annotations-1.2.4.jar:/Users/amargupta/.m2/repository/com/adobe/aem/uber-jar/6.5.10/uber-jar-6.5.10.jar:/Users/amargupta/.m2/repository/com/adobe/cq/core.wcm.components.core/2.17.12/core.wcm.components.core-2.17.12.jar:/Users/amargupta/.m2/repository/org/apache/sling/org.apache.sling.models.api/1.3.6/org.apache.sling.models.api-1.3.6.jar:/Users/amargupta/.m2/repository/org/junit/jupiter/junit-jupiter/5.8.2/junit-jupiter-5.8.2.jar:/Users/amargupta/.m2/repository/org/junit/jupiter/junit-jupiter-api/5.8.2/junit-jupiter-api-5.8.2.jar:/Users/amargupta/.m2/repository/org/opentest4j/opentest4j/1.2.0/opentest4j-1.2.0.jar:/Users/amargupta/.m2/repository/org/junit/platform/junit-platform-commons/1.8.2/junit-platform-commons-1.8.2.jar:/Users/amargupta/.m2/repository/org/apiguardian/apiguardian-api/1.1.2/apiguardian-api-1.1.2.jar:/Users/amargupta/.m2/repository/org/junit/jupiter/junit-jupiter-params/5.8.2/junit-jupiter-params-5.8.2.jar:/Users/amargupta/.m2/repository/org/junit/jupiter/junit-jupiter-engine/5.8.2/junit-jupiter-engine-5.8.2.jar:/Users/amargupta/.m2/repository/org/junit/platform/junit-platform-engine/1.8.2/junit-platform-engine-1.8.2.jar:/Users/amargupta/.m2/repository/org/mockito/mockito-core/4.1.0/mockito-core-4.1.0.jar:/Users/amargupta/.m2/repository/net/bytebuddy/byte-buddy/1.12.1/byte-buddy-1.12.1.jar:/Users/amargupta/.m2/repository/net/bytebuddy/byte-buddy-agent/1.12.1/byte-buddy-agent-1.12.1.jar:/Users/amargupta/.m2/repository/org/objenesis/objenesis/3.2/objenesis-3.2.jar:/Users/amargupta/.m2/repository/org/mockito/mockito-junit-jupiter/4.1.0/mockito-junit-jupiter-4.1.0.jar:/Users/amargupta/.m2/repository/junit-addons/junit-addons/1.4/junit-addons-1.4.jar:/Users/amargupta/.m2/repository/junit/junit/3.8.1/junit-3.8.1.jar:/Users/amargupta/.m2/repository/xerces/xercesImpl/2.6.2/xercesImpl-2.6.2.jar:/Users/amargupta/.m2/repository/xerces/xmlParserAPIs/2.6.2/xmlParserAPIs-2.6.2.jar:/Users/amargupta/.m2/repository/io/wcm/io.wcm.testing.aem-mock.junit5/4.1.8/io.wcm.testing.aem-mock.junit5-4.1.8.jar:/Users/amargupta/.m2/repository/io/wcm/io.wcm.testing.aem-mock.core/4.1.8/io.wcm.testing.aem-mock.core-4.1.8.jar:/Users/amargupta/.m2/repository/org/apache/jackrabbit/jackrabbit-jcr-commons/2.16.0/jackrabbit-jcr-commons-2.16.0.jar:/Users/amargupta/.m2/repository/org/apache/sling/org.apache.sling.commons.osgi/2.4.0/org.apache.sling.commons.osgi-2.4.0.jar:/Users/amargupta/.m2/repository/org/apache/sling/org.apache.sling.resourceresolver/1.5.34/org.apache.sling.resourceresolver-1.5.34.jar:/Users/amargupta/.m2/repository/org/apache/sling/org.apache.sling.serviceusermapper/1.3.6/org.apache.sling.serviceusermapper-1.3.6.jar:/Users/amargupta/.m2/repository/org/apache/sling/org.apache.sling.jcr.api/2.4.0/org.apache.sling.jcr.api-2.4.0.jar:/Users/amargupta/.m2/repository/org/apache/sling/org.apache.sling.jcr.resource/3.0.8/org.apache.sling.jcr.resource-3.0.8.jar:/Users/amargupta/.m2/repository/org/apache/sling/org.apache.sling.commons.mime/2.1.10/org.apache.sling.commons.mime-2.1.10.jar:/Users/amargupta/.m2/repository/org/apache/sling/org.apache.sling.commons.json/2.0.20/org.apache.sling.commons.json-2.0.20.jar:/Users/amargupta/.m2/repository/org/apache/sling/org.apache.sling.commons.classloader/1.4.2/org.apache.sling.commons.classloader-1.4.2.jar:/Users/amargupta/.m2/repository/org/apache/sling/org.apache.sling.settings/1.3.8/org.apache.sling.settings-1.3.8.jar:/Users/amargupta/.m2/repository/org/apache/sling/org.apache.sling.i18n/2.5.10/org.apache.sling.i18n-2.5.10.jar:/Users/amargupta/.m2/repository/org/apache/sling/org.apache.sling.testing.jcr-mock/1.5.4/org.apache.sling.testing.jcr-mock-1.5.4.jar:/Users/amargupta/.m2/repository/org/apache/jackrabbit/jackrabbit-api/2.16.0/jackrabbit-api-2.16.0.jar:/Users/amargupta/.m2/repository/org/apache/commons/commons-collections4/4.1/commons-collections4-4.1.jar:/Users/amargupta/.m2/repository/org/apache/sling/org.apache.sling.testing.osgi-mock.core/3.2.2/org.apache.sling.testing.osgi-mock.core-3.2.2.jar:/Users/amargupta/.m2/repository/commons-io/commons-io/2.5/commons-io-2.5.jar:/Users/amargupta/.m2/repository/org/reflections/reflections/0.10.2/reflections-0.10.2.jar:/Users/amargupta/.m2/repository/org/javassist/javassist/3.28.0-GA/javassist-3.28.0-GA.jar:/Users/amargupta/.m2/repository/org/apache/sling/org.apache.sling.testing.sling-mock.core/3.2.2/org.apache.sling.testing.sling-mock.core-3.2.2.jar:/Users/amargupta/.m2/repository/org/apache/sling/org.apache.sling.resourcebuilder/1.0.4/org.apache.sling.resourcebuilder-1.0.4.jar:/Users/amargupta/.m2/repository/org/apache/sling/org.apache.sling.scripting.api/2.2.0/org.apache.sling.scripting.api-2.2.0.jar:/Users/amargupta/.m2/repository/org/apache/sling/org.apache.sling.scripting.core/2.0.54/org.apache.sling.scripting.core-2.0.54.jar:/Users/amargupta/.m2/repository/org/apache/felix/org.apache.felix.utils/1.9.0/org.apache.felix.utils-1.9.0.jar:/Users/amargupta/.m2/repository/org/apache/johnzon/johnzon-core/1.1.1/johnzon-core-1.1.1.jar:/Users/amargupta/.m2/repository/org/apache/sling/org.apache.sling.adapter/2.1.10/org.apache.sling.adapter-2.1.10.jar:/Users/amargupta/.m2/repository/org/apache/sling/org.apache.sling.featureflags/1.2.2/org.apache.sling.featureflags-1.2.2.jar:/Users/amargupta/.m2/repository/org/apache/jackrabbit/oak-jcr/1.8.2/oak-jcr-1.8.2.jar:/Users/amargupta/.m2/repository/org/apache/jackrabbit/oak-api/1.8.2/oak-api-1.8.2.jar:/Users/amargupta/.m2/repository/org/apache/jackrabbit/oak-core-spi/1.8.2/oak-core-spi-1.8.2.jar:/Users/amargupta/.m2/repository/org/apache/jackrabbit/oak-store-spi/1.8.2/oak-store-spi-1.8.2.jar:/Users/amargupta/.m2/repository/org/apache/jackrabbit/oak-query-spi/1.8.2/oak-query-spi-1.8.2.jar:/Users/amargupta/.m2/repository/org/apache/jackrabbit/oak-security-spi/1.8.2/oak-security-spi-1.8.2.jar:/Users/amargupta/.m2/repository/org/apache/jackrabbit/oak-core/1.8.2/oak-core-1.8.2.jar:/Users/amargupta/.m2/repository/org/apache/jackrabbit/oak-blob-plugins/1.8.2/oak-blob-plugins-1.8.2.jar:/Users/amargupta/.m2/repository/org/apache/jackrabbit/jackrabbit-data/2.16.0/jackrabbit-data-2.16.0.jar:/Users/amargupta/.m2/repository/org/slf4j/jcl-over-slf4j/1.7.4/jcl-over-slf4j-1.7.4.jar:/Users/amargupta/.m2/repository/org/apache/jackrabbit/oak-blob/1.8.2/oak-blob-1.8.2.jar:/Users/amargupta/.m2/repository/commons-codec/commons-codec/1.5/commons-codec-1.5.jar:/Users/amargupta/.m2/repository/org/apache/jackrabbit/oak-commons/1.8.2/oak-commons-1.8.2.jar:/Users/amargupta/.m2/repository/commons-lang/commons-lang/2.6/commons-lang-2.6.jar:/Users/amargupta/.m2/repository/org/apache/sling/org.apache.sling.contentparser.api/2.0.0/org.apache.sling.contentparser.api-2.0.0.jar:/Users/amargupta/.m2/repository/org/apache/sling/org.apache.sling.contentparser.json/2.0.0/org.apache.sling.contentparser.json-2.0.0.jar:/Users/amargupta/.m2/repository/org/apache/sling/org.apache.sling.contentparser.xml-jcr/2.0.0/org.apache.sling.contentparser.xml-jcr-2.0.0.jar:/Users/amargupta/.m2/repository/org/apache/sling/org.apache.sling.fsresource/2.2.0/org.apache.sling.fsresource-2.2.0.jar:/Users/amargupta/.m2/repository/org/apache/geronimo/specs/geronimo-atinject_1.0_spec/1.0/geronimo-atinject_1.0_spec-1.0.jar:/Users/amargupta/.m2/repository/org/apache/geronimo/specs/geronimo-json_1.1_spec/1.0/geronimo-json_1.1_spec-1.0.jar:/Users/amargupta/.m2/repository/org/apache/sling/org.apache.sling.testing.resourceresolver-mock/1.2.4/org.apache.sling.testing.resourceresolver-mock-1.2.4.jar:/Users/amargupta/.m2/repository/org/apache/sling/org.apache.sling.servlet-helpers/1.4.2/org.apache.sling.servlet-helpers-1.4.2.jar:/Users/amargupta/.m2/repository/org/apache/jackrabbit/vault/org.apache.jackrabbit.vault/3.1.44/org.apache.jackrabbit.vault-3.1.44.jar:/Users/amargupta/.m2/repository/org/apache/commons/commons-imaging/1.0-alpha1/commons-imaging-1.0-alpha1.jar:/Users/amargupta/.m2/repository/javax/servlet/jsp/jsp-api/2.1/jsp-api-2.1.jar:/Users/amargupta/.m2/repository/com/day/commons/day-commons-gfx/2.1.28/day-commons-gfx-2.1.28.jar:/Users/amargupta/.m2/repository/com/day/commons/day-commons-any/2.0.0/day-commons-any-2.0.0.jar:/Users/amargupta/.m2/repository/com/day/commons/day-commons-text/1.1.3/day-commons-text-1.1.3.jar:/Users/amargupta/.m2/repository/org/apache/sling/org.apache.sling.testing.hamcrest/1.0.2/org.apache.sling.testing.hamcrest-1.0.2.jar:/Users/amargupta/.m2/repository/org/hamcrest/hamcrest-library/1.3/hamcrest-library-1.3.jar:/Users/amargupta/.m2/repository/org/hamcrest/hamcrest-core/1.3/hamcrest-core-1.3.jar:/Users/amargupta/.m2/repository/org/apache/sling/org.apache.sling.xss/2.0.0/org.apache.sling.xss-2.0.0.jar:/Users/amargupta/.m2/repository/org/apache/sling/org.apache.sling.testing.caconfig-mock-plugin/1.3.6/org.apache.sling.testing.caconfig-mock-plugin-1.3.6.jar:/Users/amargupta/.m2/repository/org/apache/sling/org.apache.sling.caconfig.api/1.1.0/org.apache.sling.caconfig.api-1.1.0.jar:/Users/amargupta/.m2/repository/org/apache/sling/org.apache.sling.caconfig.spi/1.3.0/org.apache.sling.caconfig.spi-1.3.0.jar:/Users/amargupta/.m2/repository/org/apache/sling/org.apache.sling.caconfig.impl/1.4.0/org.apache.sling.caconfig.impl-1.4.0.jar:/Users/amargupta/.m2/repository/commons-collections/commons-collections/3.2.1/commons-collections-3.2.1.jar:/Users/amargupta/.m2/repository/com/adobe/cq/core.wcm.components.testing.aem-mock-plugin/2.17.12/core.wcm.components.testing.aem-mock-plugin-2.17.12.jar:/Users/amargupta/.m2/repository/org/apache/sling/org.apache.sling.models.impl/1.4.4/org.apache.sling.models.impl-1.4.4.jar:/Users/amargupta/.m2/repository/commons-beanutils/commons-beanutils/1.8.3/commons-beanutils-1.8.3.jar:/Users/amargupta/.m2/repository/commons-logging/commons-logging/1.1.1/commons-logging-1.1.1.jar:"/>
    <property name="sun.cpu.endian" value="little"/>
    <property name="user.home" value="/Users/amargupta"/>
    <property name="user.language" value="en"/>
    <property name="java.specification.vendor" value="Oracle Corporation"/>
    <property name="java.home" value="/Library/Java/JavaVirtualMachines/jdk1.8.0_191.jdk/Contents/Home/jre"/>
    <property name="basedir" value="/Users/amargupta/Desktop/Development/Repository/code/aem-guides-wknd/core"/>
    <property name="file.separator" value="/"/>
    <property name="line.separator" value="&#10;"/>
    <property name="java.vm.specification.vendor" value="Oracle Corporation"/>
    <property name="java.specification.name" value="Java Platform API Specification"/>
    <property name="java.awt.graphicsenv" value="sun.awt.CGraphicsEnvironment"/>
    <property name="sun.boot.class.path" value="/Library/Java/JavaVirtualMachines/jdk1.8.0_191.jdk/Contents/Home/jre/lib/resources.jar:/Library/Java/JavaVirtualMachines/jdk1.8.0_191.jdk/Contents/Home/jre/lib/rt.jar:/Library/Java/JavaVirtualMachines/jdk1.8.0_191.jdk/Contents/Home/jre/lib/sunrsasign.jar:/Library/Java/JavaVirtualMachines/jdk1.8.0_191.jdk/Contents/Home/jre/lib/jsse.jar:/Library/Java/JavaVirtualMachines/jdk1.8.0_191.jdk/Contents/Home/jre/lib/jce.jar:/Library/Java/JavaVirtualMachines/jdk1.8.0_191.jdk/Contents/Home/jre/lib/charsets.jar:/Library/Java/JavaVirtualMachines/jdk1.8.0_191.jdk/Contents/Home/jre/lib/jfr.jar:/Library/Java/JavaVirtualMachines/jdk1.8.0_191.jdk/Contents/Home/jre/classes"/>
    <property name="sun.management.compiler" value="HotSpot 64-Bit Tiered Compilers"/>
    <property name="ftp.nonProxyHosts" value="local|*.local|169.254/16|*.169.254/16"/>
    <property name="java.runtime.version" value="1.8.0_191-b12"/>
    <property name="user.name" value="amargupta"/>
    <property name="path.separator" value=":"/>
    <property name="os.version" value="10.15.7"/>
    <property name="java.endorsed.dirs" value="/Library/Java/JavaVirtualMachines/jdk1.8.0_191.jdk/Contents/Home/jre/lib/endorsed"/>
    <property name="java.runtime.name" value="Java(TM) SE Runtime Environment"/>
    <property name="file.encoding" value="UTF-8"/>
    <property name="java.vm.name" value="Java HotSpot(TM) 64-Bit Server VM"/>
    <property name="localRepository" value="/Users/amargupta/.m2/repository"/>
    <property name="java.vendor.url.bug" value="http://bugreport.sun.com/bugreport/"/>
    <property name="java.io.tmpdir" value="/var/folders/g2/g4t87dd939gdmrvxm8pfww4w0000gn/T/"/>
    <property name="java.version" value="1.8.0_191"/>
    <property name="user.dir" value="/Users/amargupta/Desktop/Development/Repository/code/aem-guides-wknd/core"/>
    <property name="os.arch" value="x86_64"/>
    <property name="java.vm.specification.name" value="Java Virtual Machine Specification"/>
    <property name="java.awt.printerjob" value="sun.lwawt.macosx.CPrinterJob"/>
    <property name="sun.os.patch.level" value="unknown"/>
    <property name="java.library.path" value="/Users/amargupta/Library/Java/Extensions:/Library/Java/Extensions:/Network/Library/Java/Extensions:/System/Library/Java/Extensions:/usr/lib/java:."/>
    <property name="java.vm.info" value="mixed mode"/>
    <property name="java.vendor" value="Oracle Corporation"/>
    <property name="java.vm.version" value="25.191-b12"/>
    <property name="java.ext.dirs" value="/Users/amargupta/Library/Java/Extensions:/Library/Java/JavaVirtualMachines/jdk1.8.0_191.jdk/Contents/Home/jre/lib/ext:/Library/Java/Extensions:/Network/Library/Java/Extensions:/System/Library/Java/Extensions:/usr/lib/java"/>
    <property name="sun.io.unicode.encoding" value="UnicodeBig"/>
    <property name="java.class.version" value="52.0"/>
    <property name="socksNonProxyHosts" value="local|*.local|169.254/16|*.169.254/16"/>
  </properties>
  <testcase name="handleEvent" classname="com.adobe.aem.guides.wknd.core.listeners.SimpleResourceListenerTest" time="0"/>
</testsuite>